<?xml version="1.0" encoding="UTF-8"?>
<!-- Generated by org.testng.reporters.JUnitReportReporter -->
<testsuite hostname="VENKATESH" failures="0" tests="2" name="com.selenium" time="0.013" errors="0" timestamp="2024-08-19T22:43:32 IST" skipped="1">
  <testcase classname="com.selenium" name="tc_002" time="0.013"/>
  <testcase classname="com.selenium" name="tc_001">
    <skipped/>
  </testcase> <!-- tc_001 -->
</testsuite> <!-- com.selenium -->
