<?xml version="1.0" encoding="UTF-8"?>
<!-- Generated by org.testng.reporters.JUnitReportReporter -->
<testsuite hostname="VENKATESH" failures="0" tests="2" name="com.testNG.Parallel" time="7.553" errors="0" timestamp="2024-02-15T19:07:04 IST" skipped="0">
  <testcase classname="com.testNG.Parallel" name="facebook" time="3.503"/>
  <testcase classname="com.testNG.Parallel" name="google" time="4.050"/>
</testsuite> <!-- com.testNG.Parallel -->
